<?xml version="1.0" encoding="UTF-8"?>
<!-- Generated by org.testng.reporters.JUnitXMLReporter -->
<testsuite ignored="0" hostname="DESKTOP-Q7PUF6D" failures="2" tests="4" name="SubmitOrder" time="77.556" errors="0" timestamp="2023-08-31T20:07:58 IST">
  <testcase classname="rahulshettyacademy.StandAlone" name="submitOrder" time="17.006">
    <skipped/>
  </testcase> <!-- submitOrder -->
  <testcase classname="rahulshettyacademy.StandAlone" name="submitOrder" time="16.349">
    <failure type="java.lang.AssertionError" message="expected [true] but found [false]">
      <![CDATA[java.lang.AssertionError: expected [true] but found [false]
at rahulshettyacademy.StandAlone.submitOrder(StandAlone.java:55)
at java.base/java.util.ArrayList.forEach(ArrayList.java:1511)
at java.base/java.util.concurrent.FutureTask.run(FutureTask.java:317)
at java.base/java.util.concurrent.ThreadPoolExecutor.runWorker(ThreadPoolExecutor.java:1144)
at java.base/java.util.concurrent.ThreadPoolExecutor$Worker.run(ThreadPoolExecutor.java:642)
at java.base/java.lang.Thread.run(Thread.java:1623)
... Removed 19 stack frames]]>
    </failure>
  </testcase> <!-- submitOrder -->
  <testcase classname="rahulshettyacademy.StandAlone" name="submitOrder" time="5.771">
    <skipped/>
  </testcase> <!-- submitOrder -->
  <testcase classname="rahulshettyacademy.StandAlone" name="submitOrder" time="15.717">
    <failure type="java.lang.AssertionError" message="expected [true] but found [false]">
      <![CDATA[java.lang.AssertionError: expected [true] but found [false]
at rahulshettyacademy.StandAlone.submitOrder(StandAlone.java:55)
at java.base/java.util.ArrayList.forEach(ArrayList.java:1511)
at java.base/java.util.concurrent.FutureTask.run(FutureTask.java:317)
at java.base/java.util.concurrent.ThreadPoolExecutor.runWorker(ThreadPoolExecutor.java:1144)
at java.base/java.util.concurrent.ThreadPoolExecutor$Worker.run(ThreadPoolExecutor.java:642)
at java.base/java.lang.Thread.run(Thread.java:1623)
... Removed 19 stack frames]]>
    </failure>
  </testcase> <!-- submitOrder -->
</testsuite> <!-- SubmitOrder -->
